<?xml version="1.0" encoding="UTF-8"?>
<!-- Generated by org.testng.reporters.JUnitReportReporter -->
<testsuite skipped="0" hostname="Lenovo-PC" name="com.selenium.PageobjectModel.TestMethod2" tests="2" failures="0" timestamp="03 Apr 2018 19:34:36 GMT" time="0.323" errors="0">
  <testcase name="testCase2" time="0.020" classname="com.selenium.PageobjectModel.TestMethod2"/>
  <testcase name="testCase1" time="0.303" classname="com.selenium.PageobjectModel.TestMethod2"/>
</testsuite> <!-- com.selenium.PageobjectModel.TestMethod2 -->
