<?xml version="1.0" encoding="UTF-8"?>
<!-- Generated by org.testng.reporters.JUnitReportReporter -->
<testsuite skipped="0" hostname="Lenovo-PC" name="com.selenium.PageobjectModel.TestMethods1" tests="2" failures="0" timestamp="03 Apr 2018 19:34:36 GMT" time="0.040" errors="0">
  <testcase name="testCase2" time="0.020" classname="com.selenium.PageobjectModel.TestMethods1"/>
  <testcase name="testCase1" time="0.020" classname="com.selenium.PageobjectModel.TestMethods1"/>
</testsuite> <!-- com.selenium.PageobjectModel.TestMethods1 -->
